build/app/outputs/mapping/release/seeds.txt
androidx.window.R$styleable: int SplitPlaceholderRule_splitRatio
androidx.window.layout.SidecarAdapter: boolean isEqualSidecarDeviceState(androidx.window.sidecar.SidecarDeviceState,androidx.window.sidecar.SidecarDeviceState)
androidx.lifecycle.Lifecycle$Event: androidx.lifecycle.Lifecycle$Event ON_ANY
androidx.window.layout.WindowMetricsCalculator: androidx.window.layout.WindowMetricsCalculator$Companion Companion
androidx.window.layout.WindowInfoTrackerDecorator: androidx.window.layout.WindowInfoTracker decorate(androidx.window.layout.WindowInfoTracker)
kotlinx.coroutines.channels.AbstractChannel
io.flutter.view.AccessibilityViewEmbedder: void copyAccessibilityFields(android.view.accessibility.AccessibilityNodeInfo,android.view.accessibility.AccessibilityNodeInfo)
io.flutter.embedding.engine.FlutterJNI: void onSurfaceCreated(android.view.Surface)
androidx.window.layout.SidecarCompat: androidx.window.layout.ExtensionInterfaceCompat$ExtensionCallbackInterface extensionCallback
androidx.window.layout.WindowInfoTracker$Companion: java.lang.String TAG
kotlin.jvm.internal.FunctionReferenceImpl: FunctionReferenceImpl(int,java.lang.Class,java.lang.String,java.lang.String,int)
io.flutter.embedding.engine.FlutterJNI: void detachFromNativeAndReleaseResources()
androidx.window.layout.ActivityCompatHelperApi24: androidx.window.layout.ActivityCompatHelperApi24 INSTANCE
io.flutter.embedding.engine.FlutterJNI: void removeIsDisplayingFlutterUiListener(io.flutter.embedding.engine.renderer.FlutterUiDisplayListener)
androidx.window.layout.ExtensionWindowLayoutInfoBackend
kotlin.coroutines.jvm.internal.BaseContinuationImpl: kotlin.coroutines.jvm.internal.CoroutineStackFrame getCallerFrame()
kotlin.jvm.internal.FunctionReference: boolean isInline()
io.flutter.embedding.engine.FlutterJNI: void nativePrefetchDefaultFontManager()
kotlinx.coroutines.CoroutineStart: kotlinx.coroutines.CoroutineStart[] values()
androidx.core.app.RemoteActionCompatParcelizer
androidx.window.core.Bounds: boolean isEmpty()
kotlinx.coroutines.CancellableContinuationImpl
kotlinx.coroutines.BlockingEventLoop
androidx.window.embedding.EmbeddingAdapter: boolean translateActivityPairPredicates$lambda-1(androidx.window.embedding.EmbeddingAdapter,java.util.Set,android.util.Pair)
kotlinx.coroutines.internal.LockFreeTaskQueueCore: long _state
androidx.window.embedding.ExtensionEmbeddingBackend$SplitListenerWrapper: androidx.core.util.Consumer getCallback()
androidx.window.embedding.SplitController: java.util.concurrent.locks.ReentrantLock globalLock
androidx.window.layout.HardwareFoldingFeature: androidx.window.layout.HardwareFoldingFeature$Type getType$window_release()
androidx.window.core.Bounds: boolean isZero()
androidx.window.layout.WindowInfoTracker$Companion: void reset()
androidx.window.core.Version: Version(int,int,int,java.lang.String)
io.flutter.plugin.editing.ImeSyncDeferringInsetsCallback: int overlayInsetTypes
io.flutter.embedding.engine.FlutterJNI: void onDisplayPlatformView(int,int,int,int,int,int,int,io.flutter.embedding.engine.mutatorsstack.FlutterMutatorsStack)
androidx.window.layout.SidecarCompat: androidx.window.sidecar.SidecarInterface getSidecar()
io.flutter.embedding.engine.FlutterJNI: void init(android.content.Context,java.lang.String[],java.lang.String,java.lang.String,java.lang.String,long)
androidx.window.layout.SidecarCompat
androidx.window.R$styleable: int ActivityFilter_activityAction
io.flutter.embedding.engine.mutatorsstack.FlutterMutatorsStack: java.util.List getMutators()
kotlinx.coroutines.EventLoopImplBase: java.lang.Object _delayed
androidx.window.R$styleable: int SplitPlaceholderRule_splitLayoutDirection
androidx.window.layout.SidecarCompat$DistinctSidecarElementCallback: androidx.window.sidecar.SidecarInterface$SidecarCallback callbackInterface
androidx.window.layout.WindowMetricsCalculatorCompat: WindowMetricsCalculatorCompat()
androidx.window.embedding.ExtensionEmbeddingBackend
androidx.window.embedding.SplitController: SplitController()