build/app/outputs/mapping/release/mapping.txt
# compiler: R8
# compiler_version: 2.1.62
# min_api: 16
# pg_map_id: a5e2377
# common_typos_disable
...
kotlinx.coroutines.ChildHandleNode -> kotlinx.coroutines.t:
    kotlinx.coroutines.ChildJob childJob -> h
    boolean childCancelled(java.lang.Throwable) -> g
    void invoke(java.lang.Throwable) -> y
kotlinx.coroutines.ChildJob -> kotlinx.coroutines.u:
    void parentCancelled(kotlinx.coroutines.ParentJob) -> h
kotlinx.coroutines.CommonPool -> kotlinx.coroutines.v:
    kotlinx.coroutines.CommonPool INSTANCE -> e
    int requestedParallelism -> f
    boolean usePrivatePool -> g
    void dispatch(kotlin.coroutines.CoroutineContext,java.lang.Runnable) -> k
    java.util.concurrent.ExecutorService createPlainPool() -> p
    java.lang.Thread createPlainPool$lambda-12(java.util.concurrent.atomic.AtomicInteger,java.lang.Runnable) -> r
    java.util.concurrent.ExecutorService createPool() -> s
    java.util.concurrent.Executor getOrCreatePoolSync() -> t
    int getParallelism() -> u
    boolean isGoodCommonPool$kotlinx_coroutines_core(java.lang.Class,java.util.concurrent.ExecutorService) -> v
    void isGoodCommonPool$lambda-9() -> w
    void lambda$36bgNy4lLwRHCWOZ-fm6LcwyUbo() -> x
    java.lang.Thread lambda$ERvPtt6BNpepqyLHHf5J6mHx7SQ(java.util.concurrent.atomic.AtomicInteger,java.lang.Runnable) -> y
kotlinx.coroutines.CompletableJob -> kotlinx.coroutines.w:
kotlinx.coroutines.CompletedContinuation -> kotlinx.coroutines.x:
    kotlinx.coroutines.CancelHandler cancelHandler -> b
    java.lang.Object idempotentResume -> d
    java.lang.Object result -> a
    java.lang.Throwable cancelCause -> e
    kotlin.jvm.functions.Function1 onCancellation -> c
    kotlinx.coroutines.CompletedContinuation copy(java.lang.Object,kotlinx.coroutines.CancelHandler,kotlin.jvm.functions.Function1,java.lang.Object,java.lang.Throwable) -> a
    kotlinx.coroutines.CompletedContinuation copy$default(kotlinx.coroutines.CompletedContinuation,java.lang.Object,kotlinx.coroutines.CancelHandler,kotlin.jvm.functions.Function1,java.lang.Object,java.lang.Throwable,int,java.lang.Object) -> b
    boolean getCancelled() -> c
    void invokeHandlers(kotlinx.coroutines.CancellableContinuationImpl,java.lang.Throwable) -> d
kotlinx.coroutines.CompletedExceptionally -> kotlinx.coroutines.y:
    java.util.concurrent.atomic.AtomicIntegerFieldUpdater _handled$FU -> b
    java.lang.Throwable cause -> a
    boolean getHandled() -> a
    boolean makeHandled() -> b
kotlinx.coroutines.CompletedWithCancellation -> kotlinx.coroutines.z:
    java.lang.Object result -> a
    kotlin.jvm.functions.Function1 onCancellation -> b
kotlinx.coroutines.CompletionHandlerBase -> kotlinx.coroutines.a0:
    void invoke(java.lang.Throwable) -> y
kotlinx.coroutines.CompletionHandlerException -> kotlinx.coroutines.b0:
kotlinx.coroutines.CompletionStateKt -> kotlinx.coroutines.c0:
    java.lang.Object recoverResult(java.lang.Object,kotlin.coroutines.Continuation) -> a
    java.lang.Object toState(java.lang.Object,kotlin.jvm.functions.Function1) -> b
    java.lang.Object toState(java.lang.Object,kotlinx.coroutines.CancellableContinuation) -> c
    java.lang.Object toState$default(java.lang.Object,kotlin.jvm.functions.Function1,int,java.lang.Object) -> d
kotlinx.coroutines.CopyableThrowable -> kotlinx.coroutines.d0:
    java.lang.Throwable createCopy() -> a
kotlinx.coroutines.CoroutineContextKt -> kotlinx.coroutines.e0:
    boolean useCoroutinesScheduler -> a
    kotlinx.coroutines.CoroutineDispatcher createDefaultDispatcher() -> a
    java.lang.String getCoroutineName(kotlin.coroutines.CoroutineContext) -> b
    kotlin.coroutines.CoroutineContext newCoroutineContext(kotlinx.coroutines.CoroutineScope,kotlin.coroutines.CoroutineContext) -> c
    kotlinx.coroutines.UndispatchedCoroutine undispatchedCompletion(kotlin.coroutines.jvm.internal.CoroutineStackFrame) -> d
    kotlinx.coroutines.UndispatchedCoroutine updateUndispatchedCompletion(kotlin.coroutines.Continuation,kotlin.coroutines.CoroutineContext,java.lang.Object) -> e