build/app/outputs/mapping/release/usage.txt
androidx.annotation.IntDef
androidx.core.os.CancellationSignal$OnCancelListener
kotlin.ranges.LongRange
kotlin.annotation.AnnotationRetention
androidx.core.view.KeyEventDispatcher
kotlin.collections.MapsKt:
    private void <init>()
kotlinx.coroutines.flow.FlowKt__ZipKt$combineTransform$6$1
io.flutter.BuildConfig
androidx.core.content.res.TypedArrayUtils
kotlin.NumbersKt__BigDecimalsKt
kotlinx.coroutines.EventLoopImplBase$DelayedRunnableTask
kotlin.UInt$Companion
androidx.fragment.app.FragmentTransitionImpl$2
kotlinx.coroutines.flow.internal.SafeCollector_commonKt$unsafeFlow$1
androidx.core.location.GnssStatusCompat$Callback
androidx.core.content.pm.ShortcutManagerCompat
io.flutter.embedding.engine.systemchannels.KeyEventChannel$FlutterKeyEvent:
    public void <init>(android.view.KeyEvent)
kotlinx.coroutines.selects.SelectInstance
androidx.fragment.app.FragmentManagerImpl$OpGenerator
kotlinx.coroutines.BlockingCoroutine
androidx.core.widget.ScrollerCompat
kotlin.text.MatchResult$Destructured
androidx.core.view.TintableBackgroundView
androidx.core.app.NotificationChannelCompat
androidx.core.app.ActivityCompat$RequestPermissionsRequestCodeValidator
kotlinx.coroutines.test.TestCoroutineContext
kotlinx.coroutines.Delay
androidx.customview.widget.FocusStrategy$SequentialComparator
androidx.core.view.accessibility.AccessibilityNodeProviderCompat$AccessibilityNodeProviderApi19
kotlinx.coroutines.channels.ChannelIterator:
    public synthetic abstract java.lang.Object next(kotlin.coroutines.Continuation)
kotlinx.coroutines.flow.FlowKt__EmittersKt$invokeSafely$1
kotlin.collections.CollectionsKt___CollectionsKt$elementAt$1
androidx.viewpager.widget.PagerAdapter
kotlin.collections.ArrayAsCollection
androidx.fragment.app.FragmentManagerImpl$3$1
kotlinx.coroutines.channels.TickerChannelsKt$fixedPeriodTicker$1
kotlin.properties.Delegates$vetoable$1
kotlinx.coroutines.flow.FlowKt__ZipKt$combine$$inlined$combineUnsafe$FlowKt__ZipKt$2
io.flutter.view.FlutterView$ZeroSides
kotlin.internal.Exact
kotlinx.coroutines.flow.internal.StackFrameContinuation
kotlinx.coroutines.flow.FlowKt__EmittersKt
kotlin.jvm.internal.TypeIntrinsics:
    public static boolean isMutableIterator(java.lang.Object)
    public static java.util.Iterator asMutableIterator(java.lang.Object)
    public static java.util.Iterator asMutableIterator(java.lang.Object,java.lang.String)
    public static java.util.Iterator castToIterator(java.lang.Object)
    public static boolean isMutableListIterator(java.lang.Object)
    public static java.util.ListIterator asMutableListIterator(java.lang.Object)
    public static java.util.ListIterator asMutableListIterator(java.lang.Object,java.lang.String)
    public static java.util.ListIterator castToListIterator(java.lang.Object)
    public static boolean isMutableIterable(java.lang.Object)
    public static java.lang.Iterable asMutableIterable(java.lang.Object)
    public static java.lang.Iterable asMutableIterable(java.lang.Object,java.lang.String)
    public static java.lang.Iterable castToIterable(java.lang.Object)
    public static boolean isMutableCollection(java.lang.Object)
    public static java.util.Collection asMutableCollection(java.lang.Object)
    public static java.util.Collection asMutableCollection(java.lang.Object,java.lang.String)
    public static java.util.Collection castToCollection(java.lang.Object)
    public static boolean isMutableList(java.lang.Object)
    public static java.util.List asMutableList(java.lang.Object)
    public static java.util.List asMutableList(java.lang.Object,java.lang.String)
io.flutter.embedding.engine.loader.FlutterApplicationInfo:
    private static final java.lang.String DEFAULT_AOT_SHARED_LIBRARY_NAME
    private static final java.lang.String DEFAULT_VM_SNAPSHOT_DATA
    private static final java.lang.String DEFAULT_ISOLATE_SNAPSHOT_DATA
    private static final java.lang.String DEFAULT_FLUTTER_ASSETS_DIR